2021-09-15T08:34:27.866Z - error: Error when processing OData POST: /odata/assets Error: Entity name can not be empty
    at module.exports (/Users/mac/Desktop/Government/Forest_MIS/reportserver/jsreportapp/node_modules/jsreport-core/lib/util/createError.js:11:13)
    at module.exports (/Users/mac/Desktop/Government/Forest_MIS/reportserver/jsreportapp/node_modules/jsreport-core/lib/util/validateEntityName.js:26:11)
    at Object.insert (/Users/mac/Desktop/Government/Forest_MIS/reportserver/jsreportapp/node_modules/jsreport-core/lib/store/collection.js:86:7)
    at ODataServer.<anonymous> (/Users/mac/Desktop/Government/Forest_MIS/reportserver/jsreportapp/node_modules/jsreport-express/lib/odata.js:34:69)
    at /Users/mac/Desktop/Government/Forest_MIS/reportserver/jsreportapp/node_modules/simple-odata-server/lib/odataServer.js:201:14
    at ODataServer.<anonymous> (/Users/mac/Desktop/Government/Forest_MIS/reportserver/jsreportapp/node_modules/jsreport-express/lib/odata.js:29:7)
    at ODataServer.executeInsert (/Users/mac/Desktop/Government/Forest_MIS/reportserver/jsreportapp/node_modules/simple-odata-server/lib/odataServer.js:196:12)
    at processBody (/Users/mac/Desktop/Government/Forest_MIS/reportserver/jsreportapp/node_modules/simple-odata-server/lib/insert.js:29:9)
    at module.exports (/Users/mac/Desktop/Government/Forest_MIS/reportserver/jsreportapp/node_modules/simple-odata-server/lib/insert.js:59:12)
    at Object.fn (/Users/mac/Desktop/Government/Forest_MIS/reportserver/jsreportapp/node_modules/simple-odata-server/lib/odataServer.js:90:5)
    at Router.router.dispatch (/Users/mac/Desktop/Government/Forest_MIS/reportserver/jsreportapp/node_modules/simple-odata-server/lib/router.js:63:12)
    at ODataServer.handle (/Users/mac/Desktop/Government/Forest_MIS/reportserver/jsreportapp/node_modules/simple-odata-server/lib/odataServer.js:64:15)
    at /Users/mac/Desktop/Government/Forest_MIS/reportserver/jsreportapp/node_modules/jsreport-express/lib/routes.js:24:47
    at Layer.handle [as handle_request] (/Users/mac/Desktop/Government/Forest_MIS/reportserver/jsreportapp/node_modules/express/lib/router/layer.js:95:5)
    at trim_prefix (/Users/mac/Desktop/Government/Forest_MIS/reportserver/jsreportapp/node_modules/express/lib/router/index.js:317:13)
    at /Users/mac/Desktop/Government/Forest_MIS/reportserver/jsreportapp/node_modules/express/lib/router/index.js:284:7
    at Function.process_params (/Users/mac/Desktop/Government/Forest_MIS/reportserver/jsreportapp/node_modules/express/lib/router/index.js:335:12)
    at next (/Users/mac/Desktop/Government/Forest_MIS/reportserver/jsreportapp/node_modules/express/lib/router/index.js:275:10)
    at /Users/mac/Desktop/Government/Forest_MIS/reportserver/jsreportapp/node_modules/jsreport-express/lib/routes.js:17:5
    at Layer.handle [as handle_request] (/Users/mac/Desktop/Government/Forest_MIS/reportserver/jsreportapp/node_modules/express/lib/router/layer.js:95:5)
    at trim_prefix (/Users/mac/Desktop/Government/Forest_MIS/reportserver/jsreportapp/node_modules/express/lib/router/index.js:317:13)
    at /Users/mac/Desktop/Government/Forest_MIS/reportserver/jsreportapp/node_modules/express/lib/router/index.js:284:7
    at Function.process_params (/Users/mac/Desktop/Government/Forest_MIS/reportserver/jsreportapp/node_modules/express/lib/router/index.js:335:12)
    at next (/Users/mac/Desktop/Government/Forest_MIS/reportserver/jsreportapp/node_modules/express/lib/router/index.js:275:10)
    at /Users/mac/Desktop/Government/Forest_MIS/reportserver/jsreportapp/node_modules/jsreport-express/lib/reporter.express.js:188:5
    at Layer.handle [as handle_request] (/Users/mac/Desktop/Government/Forest_MIS/reportserver/jsreportapp/node_modules/express/lib/router/layer.js:95:5)
    at trim_prefix (/Users/mac/Desktop/Government/Forest_MIS/reportserver/jsreportapp/node_modules/express/lib/router/index.js:317:13)
    at /Users/mac/Desktop/Government/Forest_MIS/reportserver/jsreportapp/node_modules/express/lib/router/index.js:284:7
    at Function.process_params (/Users/mac/Desktop/Government/Forest_MIS/reportserver/jsreportapp/node_modules/express/lib/router/index.js:335:12)
    at next (/Users/mac/Desktop/Government/Forest_MIS/reportserver/jsreportapp/node_modules/express/lib/router/index.js:275:10)
    at cors (/Users/mac/Desktop/Government/Forest_MIS/reportserver/jsreportapp/node_modules/cors/lib/index.js:188:7)
    at /Users/mac/Desktop/Government/Forest_MIS/reportserver/jsreportapp/node_modules/cors/lib/index.js:224:17
    at originCallback (/Users/mac/Desktop/Government/Forest_MIS/reportserver/jsreportapp/node_modules/cors/lib/index.js:214:15)
    at /Users/mac/Desktop/Government/Forest_MIS/reportserver/jsreportapp/node_modules/cors/lib/index.js:219:13
    at optionsCallback (/Users/mac/Desktop/Government/Forest_MIS/reportserver/jsreportapp/node_modules/cors/lib/index.js:199:9)
    at corsMiddleware (/Users/mac/Desktop/Government/Forest_MIS/reportserver/jsreportapp/node_modules/cors/lib/index.js:204:7)
    at Layer.handle [as handle_request] (/Users/mac/Desktop/Government/Forest_MIS/reportserver/jsreportapp/node_modules/express/lib/router/layer.js:95:5)
    at trim_prefix (/Users/mac/Desktop/Government/Forest_MIS/reportserver/jsreportapp/node_modules/express/lib/router/index.js:317:13)
    at /Users/mac/Desktop/Government/Forest_MIS/reportserver/jsreportapp/node_modules/express/lib/router/index.js:284:7
    at Function.process_params (/Users/mac/Desktop/Government/Forest_MIS/reportserver/jsreportapp/node_modules/express/lib/router/index.js:335:12)
2022-02-23T08:00:48.036Z - error: Rendering request 1 finished with error in 3684 ms
2022-02-23T08:00:48.039Z - error: Error when processing render request 1 docx file upload to http://jsreport.net/temp failed. getaddrinfo ENOTFOUND jsreport.net Error: getaddrinfo ENOTFOUND jsreport.net
    at GetAddrInfoReqWrap.onlookup [as oncomplete] (dns.js:71:26)
2022-02-23T08:00:48.042Z - error: Error during processing request at http://localhost:5488/api/report
2022-02-23T08:01:09.795Z - error: Rendering request 3 finished with error in 1945 ms
2022-02-23T08:01:09.797Z - error: Error when processing render request 3 docx file upload to http://jsreport.net/temp failed. getaddrinfo ENOTFOUND jsreport.net Error: getaddrinfo ENOTFOUND jsreport.net
    at GetAddrInfoReqWrap.onlookup [as oncomplete] (dns.js:71:26)
2022-02-23T08:01:09.799Z - error: Error during processing request at http://localhost:5488/api/report
2022-02-23T08:02:11.255Z - error: Rendering request 5 finished with error in 1841 ms
2022-02-23T08:02:11.257Z - error: Error when processing render request 5 docx file upload to http://jsreport.net/temp failed. getaddrinfo ENOTFOUND jsreport.net Error: getaddrinfo ENOTFOUND jsreport.net
    at GetAddrInfoReqWrap.onlookup [as oncomplete] (dns.js:71:26)
2022-02-23T08:02:11.258Z - error: Error during processing request at http://localhost:5488/api/report
2022-02-23T08:11:07.113Z - error: Rendering request 1 finished with error in 2344 ms
2022-02-23T08:11:07.115Z - error: Error when processing render request 1 docx file upload to http://jsreport.net/temp failed. getaddrinfo ENOTFOUND jsreport.net Error: getaddrinfo ENOTFOUND jsreport.net
    at GetAddrInfoReqWrap.onlookup [as oncomplete] (dns.js:71:26)
2022-02-23T08:11:07.118Z - error: Error during processing request at http://localhost:5488/api/report
