2021-07-30T11:14:35.868Z - info: Initializing jsreport@2.11.0 in development mode using configuration file: jsreport.config.json
2021-07-30T11:14:35.870Z - info: Searching for available extensions in /Users/mac/Desktop/Government/Forest_MIS/reportserver/jsreportapp/
2021-07-30T11:14:35.877Z - info: Extensions location cache /var/folders/7t/cpwwwx017xlbq9tv6h6p6zn80000gn/T/jsreport/core/locations.json contains older information, crawling
2021-07-30T11:14:36.247Z - info: Found 35 extensions
2021-07-30T11:14:36.494Z - info: Setting http-server strategy for rendering
2021-07-30T11:14:36.666Z - info: Using extension cli@2.2.5
2021-07-30T11:14:36.672Z - info: Using extension debug@2.1.3
2021-07-30T11:14:36.677Z - info: Using extension express@2.8.1
2021-07-30T11:14:36.863Z - info: Using extension freeze@2.0.0
2021-07-30T11:14:36.864Z - info: Using extension handlebars@2.1.0
2021-07-30T11:14:36.866Z - info: Using extension import-export@2.1.1
2021-07-30T11:14:36.914Z - info: Using extension jsrender@2.1.1
2021-07-30T11:14:37.961Z - info: Using extension tags@2.5.0
2021-07-30T11:14:37.964Z - info: Using extension templates@2.4.0
2021-07-30T11:14:37.966Z - info: Using extension authorization@2.4.0
2021-07-30T11:14:37.971Z - info: Using extension base@2.0.2
2021-07-30T11:14:37.972Z - info: Using extension browser-client@2.2.2
2021-07-30T11:14:37.974Z - info: Using extension child-templates@1.4.0
2021-07-30T11:14:37.979Z - info: Using extension chrome-pdf@1.10.0
2021-07-30T11:14:38.059Z - info: Using extension data@2.4.0
2021-07-30T11:14:38.060Z - info: Using extension docx@2.9.0
2021-07-30T11:14:38.064Z - info: Using extension fs-store@2.9.1
2021-07-30T11:14:39.269Z - info: Using extension licensing@2.2.3
2021-07-30T11:14:39.272Z - info: Using extension pdf-utils@1.10.1
2021-07-30T11:14:39.359Z - info: Using extension pptx@0.7.0
2021-07-30T11:14:39.363Z - info: Using extension reports@2.5.1
2021-07-30T11:14:39.366Z - info: Using extension static-pdf@0.4.0
2021-07-30T11:14:39.369Z - info: Using extension studio@2.10.1
2021-07-30T11:14:39.432Z - info: Using extension text@2.0.0
2021-07-30T11:14:39.434Z - info: Using extension version-control@1.6.0
2021-07-30T11:14:39.556Z - info: Using extension assets@1.7.0
2021-07-30T11:14:39.562Z - info: Using extension html-to-xlsx@2.8.3
2021-07-30T11:14:39.957Z - info: html-to-xlsx detected chrome as available html engine
2021-07-30T11:14:39.958Z - info: Using extension scheduling@2.5.0
2021-07-30T11:14:40.006Z - info: Using extension scripts@2.6.0
2021-07-30T11:14:40.009Z - info: Using extension studio-theme-dark@0.3.0
2021-07-30T11:14:40.010Z - info: Using extension xlsx@2.5.0
2021-07-30T11:14:40.216Z - info: Using extension public-templates@2.2.0
2021-07-30T11:14:40.218Z - info: Using extension resources@2.1.0
2021-07-30T11:14:40.219Z - info: Using extension sample-template@2.6.1
2021-07-30T11:14:40.223Z - info: Using general timeout for rendering (reportTimeout: 60000)
2021-07-30T11:14:40.223Z - info: Using fs provider for template store.
2021-07-30T11:14:40.228Z - info: fs store is persisting using fs
2021-07-30T11:14:40.229Z - info: fs store is synchronizing using fs
2021-07-30T11:14:40.234Z - info: fs store is loading data
2021-07-30T11:14:40.258Z - info: fs store is initialized successfully
2021-07-30T11:14:40.275Z - info: Creating default express app.
2021-07-30T11:14:40.303Z - info: jsreport server successfully started on http port: 5488
2021-07-30T11:14:40.304Z - info: fs store emits sockets to synchronize underlying changes with studio
2021-07-30T11:14:40.322Z - info: Verifying license key free
2021-07-30T11:14:40.323Z - info: Using free license
2021-07-30T11:14:40.519Z - info: reporter initialized
2021-09-13T01:43:49.908Z - info: Initializing jsreport@2.11.0 in development mode using configuration file: jsreport.config.json
2021-09-13T01:43:49.909Z - info: Searching for available extensions in /Users/mac/Desktop/Government/Forest_MIS/reportserver/jsreportapp/
2021-09-13T01:43:49.916Z - info: Extensions location cache contains up to date information, skipping crawling in /Users/mac/Desktop/Government/Forest_MIS/reportserver/jsreportapp/
2021-09-13T01:43:49.922Z - info: Found 35 extensions
2021-09-13T01:43:50.284Z - info: Setting http-server strategy for rendering
2021-09-13T01:43:50.429Z - info: Using extension cli@2.2.5
2021-09-13T01:43:50.437Z - info: Using extension debug@2.1.3
2021-09-13T01:43:50.443Z - info: Using extension express@2.8.1
2021-09-13T01:43:50.670Z - info: Using extension freeze@2.0.0
2021-09-13T01:43:50.672Z - info: Using extension handlebars@2.1.0
2021-09-13T01:43:50.677Z - info: Using extension import-export@2.1.1
2021-09-13T01:43:50.737Z - info: Using extension jsrender@2.1.1
2021-09-13T01:43:50.739Z - info: Using extension tags@2.5.0
2021-09-13T01:43:50.744Z - info: Using extension templates@2.4.0
2021-09-13T01:43:50.747Z - info: Using extension authorization@2.4.0
2021-09-13T01:43:50.753Z - info: Using extension base@2.0.2
2021-09-13T01:43:50.756Z - info: Using extension browser-client@2.2.2
2021-09-13T01:43:50.761Z - info: Using extension child-templates@1.4.0
2021-09-13T01:43:50.769Z - info: Using extension chrome-pdf@1.10.0
2021-09-13T01:43:50.869Z - info: Using extension data@2.4.0
2021-09-13T01:43:50.870Z - info: Using extension docx@2.9.0
2021-09-13T01:43:50.875Z - info: Using extension fs-store@2.9.1
2021-09-13T01:43:51.085Z - info: Using extension licensing@2.2.3
2021-09-13T01:43:51.089Z - info: Using extension pdf-utils@1.10.1
2021-09-13T01:43:51.180Z - info: Using extension pptx@0.7.0
2021-09-13T01:43:51.184Z - info: Using extension reports@2.5.1
2021-09-13T01:43:51.189Z - info: Using extension static-pdf@0.4.0
2021-09-13T01:43:51.194Z - info: Using extension studio@2.10.1
2021-09-13T01:43:51.256Z - info: Using extension text@2.0.0
2021-09-13T01:43:51.258Z - info: Using extension version-control@1.6.0
2021-09-13T01:43:51.400Z - info: Using extension assets@1.7.0
2021-09-13T01:43:51.410Z - info: Using extension html-to-xlsx@2.8.3
2021-09-13T01:43:51.819Z - info: html-to-xlsx detected chrome as available html engine
2021-09-13T01:43:52.428Z - info: Using extension scheduling@2.5.0
2021-09-13T01:43:52.498Z - info: Using extension scripts@2.6.0
2021-09-13T01:43:52.503Z - info: Using extension studio-theme-dark@0.3.0
2021-09-13T01:43:52.505Z - info: Using extension xlsx@2.5.0
2021-09-13T01:43:52.725Z - info: Using extension public-templates@2.2.0
2021-09-13T01:43:52.726Z - info: Using extension resources@2.1.0
2021-09-13T01:43:52.727Z - info: Using extension sample-template@2.6.1
2021-09-13T01:43:52.730Z - info: Using general timeout for rendering (reportTimeout: 60000)
2021-09-13T01:43:52.730Z - info: Using fs provider for template store.
2021-09-13T01:43:52.735Z - info: fs store is persisting using fs
2021-09-13T01:43:52.736Z - info: fs store is synchronizing using fs
2021-09-13T01:43:52.745Z - info: fs store is loading data
2021-09-13T01:43:52.820Z - info: fs store is initialized successfully
2021-09-13T01:43:52.831Z - info: Creating default express app.
2021-09-13T01:43:52.863Z - info: jsreport server successfully started on http port: 5488
2021-09-13T01:43:52.864Z - info: fs store emits sockets to synchronize underlying changes with studio
2021-09-13T01:43:52.883Z - info: Verifying license key free
2021-09-13T01:43:52.884Z - info: Using free license
2021-09-13T01:43:52.891Z - info: reporter initialized
2021-09-13T01:44:28.577Z - info: Starting rendering request 1 (user: null)
2021-09-13T01:44:28.583Z - info: Rendering template { name: bansambhandhibibaran, recipe: docx, engine: handlebars, preview: false }
2021-09-13T01:44:28.745Z - info: docx generation is starting
2021-09-13T01:44:30.994Z - info: Starting rendering request 2 (user: null)
2021-09-13T01:44:30.994Z - info: Rendering anonymous template { recipe: html, engine: handlebars }
2021-09-13T01:44:31.162Z - info: Rendering request 2 finished in 169 ms
2021-09-13T01:44:31.445Z - info: docx generation was finished
2021-09-13T01:44:31.448Z - info: Rendering request 1 finished in 2872 ms
2021-09-13T06:00:39.417Z - info: Starting rendering request 3 (user: null)
2021-09-13T06:00:39.420Z - info: Rendering template { name: bansambhandhibibaran, recipe: docx, engine: handlebars, preview: false }
2021-09-13T06:00:39.482Z - info: docx generation is starting
2021-09-13T06:00:41.692Z - info: Starting rendering request 4 (user: null)
2021-09-13T06:00:41.693Z - info: Rendering anonymous template { recipe: html, engine: handlebars }
2021-09-13T06:00:41.817Z - info: Rendering request 4 finished in 126 ms
2021-09-13T06:00:42.162Z - info: docx generation was finished
2021-09-13T06:00:42.166Z - info: Rendering request 3 finished in 2751 ms
2021-09-13T08:01:55.830Z - info: Starting rendering request 5 (user: null)
2021-09-13T08:01:55.832Z - info: Rendering template { name: bansambhandhibibaran, recipe: docx, engine: handlebars, preview: false }
2021-09-13T08:01:55.869Z - info: docx generation is starting
2021-09-13T08:01:57.903Z - info: Starting rendering request 6 (user: null)
2021-09-13T08:01:57.904Z - info: Rendering anonymous template { recipe: html, engine: handlebars }
2021-09-13T08:01:58.007Z - info: Rendering request 6 finished in 103 ms
2021-09-13T08:01:58.289Z - info: docx generation was finished
2021-09-13T08:01:58.292Z - info: Rendering request 5 finished in 2464 ms
2021-09-13T08:01:58.627Z - info: Starting rendering request 7 (user: null)
2021-09-13T08:01:58.629Z - info: Rendering template { name: bansambhandhibibaran, recipe: docx, engine: handlebars, preview: false }
2021-09-13T08:01:58.643Z - info: docx generation is starting
2021-09-13T08:02:00.517Z - info: Starting rendering request 8 (user: null)
2021-09-13T08:02:00.517Z - info: Rendering anonymous template { recipe: html, engine: handlebars }
2021-09-13T08:02:00.590Z - info: Rendering request 8 finished in 73 ms
2021-09-13T08:02:00.798Z - info: docx generation was finished
2021-09-13T08:02:00.810Z - info: Rendering request 7 finished in 2183 ms
2021-09-13T08:20:25.563Z - info: Starting rendering request 9 (user: null)
2021-09-13T08:20:25.564Z - info: Rendering template { name: bansambhandhibibaran, recipe: docx, engine: handlebars, preview: false }
2021-09-13T08:20:25.583Z - info: docx generation is starting
2021-09-13T08:20:27.679Z - info: Starting rendering request 10 (user: null)
2021-09-13T08:20:27.679Z - info: Rendering anonymous template { recipe: html, engine: handlebars }
2021-09-13T08:20:27.773Z - info: Rendering request 10 finished in 94 ms
2021-09-13T08:20:28.037Z - info: docx generation was finished
2021-09-13T08:20:28.040Z - info: Rendering request 9 finished in 2477 ms
2021-09-13T09:22:07.222Z - info: Starting rendering request 11 (user: null)
2021-09-13T09:22:07.224Z - info: Rendering template { name: bansambhandhibibaran, recipe: docx, engine: handlebars, preview: false }
2021-09-13T09:22:07.257Z - info: docx generation is starting
2021-09-13T09:22:09.388Z - info: Starting rendering request 12 (user: null)
2021-09-13T09:22:09.389Z - info: Rendering anonymous template { recipe: html, engine: handlebars }
2021-09-13T09:22:09.494Z - info: Rendering request 12 finished in 106 ms
2021-09-13T09:22:09.752Z - info: docx generation was finished
2021-09-13T09:22:09.755Z - info: Rendering request 11 finished in 2535 ms
2021-09-14T06:55:02.889Z - info: Starting rendering request 13 (user: null)
2021-09-14T06:55:02.890Z - info: Rendering template { name: bansambhandhibibaran, recipe: docx, engine: handlebars, preview: false }
2021-09-14T06:55:02.959Z - info: docx generation is starting
2021-09-14T06:55:05.333Z - info: Starting rendering request 14 (user: null)
2021-09-14T06:55:05.337Z - info: Rendering anonymous template { recipe: html, engine: handlebars }
2021-09-14T06:55:05.480Z - info: Rendering request 14 finished in 146 ms
2021-09-14T06:55:05.823Z - info: docx generation was finished
2021-09-14T06:55:05.827Z - info: Rendering request 13 finished in 2939 ms
2021-09-14T06:56:20.604Z - info: Starting rendering request 15 (user: null)
2021-09-14T06:56:20.606Z - info: Rendering template { name: bansambhandhibibaran, recipe: docx, engine: handlebars, preview: false }
2021-09-14T06:56:20.630Z - info: docx generation is starting
2021-09-14T06:56:22.452Z - info: Starting rendering request 16 (user: null)
2021-09-14T06:56:22.453Z - info: Rendering anonymous template { recipe: html, engine: handlebars }
2021-09-14T06:56:22.546Z - info: Rendering request 16 finished in 94 ms
2021-09-14T06:56:22.814Z - info: docx generation was finished
2021-09-14T06:56:22.817Z - info: Rendering request 15 finished in 2213 ms
2021-09-14T06:57:40.556Z - info: Starting rendering request 17 (user: null)
2021-09-14T06:57:40.559Z - info: Rendering template { name: bansambhandhibibaran, recipe: docx, engine: handlebars, preview: false }
2021-09-14T06:57:40.584Z - info: docx generation is starting
2021-09-14T06:57:42.630Z - info: Starting rendering request 18 (user: null)
2021-09-14T06:57:42.631Z - info: Rendering anonymous template { recipe: html, engine: handlebars }
2021-09-14T06:57:42.727Z - info: Rendering request 18 finished in 97 ms
2021-09-14T06:57:42.961Z - info: docx generation was finished
2021-09-14T06:57:42.964Z - info: Rendering request 17 finished in 2408 ms
2021-09-14T06:58:10.289Z - info: Starting rendering request 19 (user: null)
2021-09-14T06:58:10.291Z - info: Rendering template { name: bansambhandhibibaran, recipe: docx, engine: handlebars, preview: false }
2021-09-14T06:58:10.324Z - info: docx generation is starting
2021-09-14T06:58:12.334Z - info: Starting rendering request 20 (user: null)
2021-09-14T06:58:12.335Z - info: Rendering anonymous template { recipe: html, engine: handlebars }
2021-09-14T06:58:12.438Z - info: Rendering request 20 finished in 103 ms
2021-09-14T06:58:12.694Z - info: docx generation was finished
2021-09-14T06:58:12.696Z - info: Rendering request 19 finished in 2407 ms
2021-09-14T06:58:50.937Z - info: Starting rendering request 21 (user: null)
2021-09-14T06:58:50.938Z - info: Rendering template { name: bansambhandhibibaran, recipe: docx, engine: handlebars, preview: false }
2021-09-14T06:58:50.970Z - info: docx generation is starting
2021-09-14T06:58:52.911Z - info: Starting rendering request 22 (user: null)
2021-09-14T06:58:52.912Z - info: Rendering anonymous template { recipe: html, engine: handlebars }
2021-09-14T06:58:52.998Z - info: Rendering request 22 finished in 87 ms
2021-09-14T06:58:53.236Z - info: docx generation was finished
2021-09-14T06:58:53.239Z - info: Rendering request 21 finished in 2303 ms
2021-09-14T07:25:37.800Z - info: Starting rendering request 23 (user: null)
2021-09-14T07:25:37.803Z - info: Rendering template { name: bansambhandhibibaran, recipe: docx, engine: handlebars, preview: false }
2021-09-14T07:25:37.856Z - info: docx generation is starting
2021-09-14T07:25:39.908Z - info: Starting rendering request 24 (user: null)
2021-09-14T07:25:39.909Z - info: Rendering anonymous template { recipe: html, engine: handlebars }
2021-09-14T07:25:39.997Z - info: Rendering request 24 finished in 89 ms
2021-09-14T07:25:40.245Z - info: docx generation was finished
2021-09-14T07:25:40.249Z - info: Rendering request 23 finished in 2452 ms
2021-09-14T08:07:20.041Z - info: Starting rendering request 25 (user: null)
2021-09-14T08:07:20.042Z - info: Rendering template { name: bansambhandhibibaran, recipe: docx, engine: handlebars, preview: false }
2021-09-14T08:07:20.075Z - info: docx generation is starting
2021-09-14T08:07:22.363Z - info: Starting rendering request 26 (user: null)
2021-09-14T08:07:22.364Z - info: Rendering anonymous template { recipe: html, engine: handlebars }
2021-09-14T08:07:22.509Z - info: Rendering request 26 finished in 146 ms
2021-09-14T08:07:22.815Z - info: docx generation was finished
2021-09-14T08:07:22.819Z - info: Rendering request 25 finished in 2777 ms
2021-09-14T09:42:10.399Z - info: Starting rendering request 27 (user: null)
2021-09-14T09:42:10.400Z - info: Rendering template { name: bansambhandhibibaran, recipe: docx, engine: handlebars, preview: false }
2021-09-14T09:42:10.444Z - info: docx generation is starting
2021-09-14T09:42:12.550Z - info: Starting rendering request 28 (user: null)
2021-09-14T09:42:12.550Z - info: Rendering anonymous template { recipe: html, engine: handlebars }
2021-09-14T09:42:12.640Z - info: Rendering request 28 finished in 90 ms
2021-09-14T09:42:12.882Z - info: docx generation was finished
2021-09-14T09:42:12.885Z - info: Rendering request 27 finished in 2488 ms
2021-09-14T09:45:16.758Z - info: Starting rendering request 29 (user: null)
2021-09-14T09:45:16.759Z - info: Rendering template { name: bansambhandhibibaran, recipe: docx, engine: handlebars, preview: false }
2021-09-14T09:45:16.785Z - info: docx generation is starting
2021-09-14T09:45:18.918Z - info: Starting rendering request 30 (user: null)
2021-09-14T09:45:18.919Z - info: Rendering anonymous template { recipe: html, engine: handlebars }
2021-09-14T09:45:19.021Z - info: Rendering request 30 finished in 103 ms
2021-09-14T09:45:19.269Z - info: docx generation was finished
2021-09-14T09:45:19.272Z - info: Rendering request 29 finished in 2514 ms
2021-09-14T09:46:38.259Z - info: Starting rendering request 31 (user: null)
2021-09-14T09:46:38.261Z - info: Rendering template { name: bansambhandhibibaran, recipe: docx, engine: handlebars, preview: false }
2021-09-14T09:46:38.283Z - info: docx generation is starting
2021-09-14T09:46:40.356Z - info: Starting rendering request 32 (user: null)
2021-09-14T09:46:40.357Z - info: Rendering anonymous template { recipe: html, engine: handlebars }
2021-09-14T09:46:40.455Z - info: Rendering request 32 finished in 99 ms
2021-09-14T09:46:40.701Z - info: docx generation was finished
2021-09-14T09:46:40.704Z - info: Rendering request 31 finished in 2445 ms
2021-09-14T09:49:08.543Z - info: Starting rendering request 33 (user: null)
2021-09-14T09:49:08.544Z - info: Rendering template { name: bansambhandhibibaran, recipe: docx, engine: handlebars, preview: false }
2021-09-14T09:49:08.569Z - info: docx generation is starting
2021-09-14T09:49:10.680Z - info: Starting rendering request 34 (user: null)
2021-09-14T09:49:10.681Z - info: Rendering anonymous template { recipe: html, engine: handlebars }
2021-09-14T09:49:10.775Z - info: Rendering request 34 finished in 95 ms
2021-09-14T09:49:11.005Z - info: docx generation was finished
2021-09-14T09:49:11.008Z - info: Rendering request 33 finished in 2465 ms
2021-09-14T11:47:03.513Z - info: Starting rendering request 35 (user: null)
2021-09-14T11:47:03.514Z - info: Rendering template { name: bansambhandhibibaran, recipe: docx, engine: handlebars, preview: false }
2021-09-14T11:47:03.548Z - info: docx generation is starting
2021-09-14T11:47:05.483Z - info: Starting rendering request 36 (user: null)
2021-09-14T11:47:05.483Z - info: Rendering anonymous template { recipe: html, engine: handlebars }
2021-09-14T11:47:05.578Z - info: Rendering request 36 finished in 95 ms
2021-09-14T11:47:05.823Z - info: docx generation was finished
2021-09-14T11:47:05.826Z - info: Rendering request 35 finished in 2315 ms
2021-09-14T11:48:01.206Z - info: Starting rendering request 37 (user: null)
2021-09-14T11:48:01.207Z - info: Rendering template { name: bansambhandhibibaran, recipe: docx, engine: handlebars, preview: false }
2021-09-14T11:48:01.225Z - info: docx generation is starting
2021-09-14T11:48:03.207Z - info: Starting rendering request 38 (user: null)
2021-09-14T11:48:03.208Z - info: Rendering anonymous template { recipe: html, engine: handlebars }
2021-09-14T11:48:03.309Z - info: Rendering request 38 finished in 101 ms
2021-09-14T11:48:03.563Z - info: docx generation was finished
2021-09-14T11:48:03.566Z - info: Rendering request 37 finished in 2360 ms
2021-09-14T11:48:25.411Z - info: Starting rendering request 39 (user: null)
2021-09-14T11:48:25.412Z - info: Rendering template { name: bansambhandhibibaran, recipe: docx, engine: handlebars, preview: false }
2021-09-14T11:48:25.434Z - info: docx generation is starting
2021-09-14T11:48:27.491Z - info: Starting rendering request 40 (user: null)
2021-09-14T11:48:27.493Z - info: Rendering anonymous template { recipe: html, engine: handlebars }
2021-09-14T11:48:27.600Z - info: Rendering request 40 finished in 109 ms
2021-09-14T11:48:27.830Z - info: docx generation was finished
2021-09-14T11:48:27.834Z - info: Rendering request 39 finished in 2422 ms
2021-09-14T11:57:58.141Z - info: Starting rendering request 41 (user: null)
2021-09-14T11:57:58.142Z - info: Rendering template { name: bansambhandhibibaran, recipe: docx, engine: handlebars, preview: false }
2021-09-14T11:57:58.172Z - info: docx generation is starting
2021-09-14T11:58:00.237Z - info: Starting rendering request 42 (user: null)
2021-09-14T11:58:00.237Z - info: Rendering anonymous template { recipe: html, engine: handlebars }
2021-09-14T11:58:00.341Z - info: Rendering request 42 finished in 105 ms
2021-09-14T11:58:00.582Z - info: docx generation was finished
2021-09-14T11:58:00.586Z - info: Rendering request 41 finished in 2445 ms
2021-09-15T04:25:50.345Z - info: Initializing jsreport@2.11.0 in development mode using configuration file: jsreport.config.json
2021-09-15T04:25:50.346Z - info: Searching for available extensions in /Users/mac/Desktop/Government/Forest_MIS/reportserver/jsreportapp/
2021-09-15T04:25:50.353Z - info: Extensions location cache not found, crawling directories
2021-09-15T04:25:51.663Z - info: Found 35 extensions
2021-09-15T04:25:51.969Z - info: Setting http-server strategy for rendering
2021-09-15T04:25:52.116Z - info: Using extension cli@2.2.5
2021-09-15T04:25:52.125Z - info: Using extension debug@2.1.3
2021-09-15T04:25:52.129Z - info: Using extension express@2.8.1
2021-09-15T04:25:52.301Z - info: Using extension freeze@2.0.0
2021-09-15T04:25:52.303Z - info: Using extension handlebars@2.1.0
2021-09-15T04:25:52.310Z - info: Using extension import-export@2.1.1
2021-09-15T04:25:52.371Z - info: Using extension jsrender@2.1.1
2021-09-15T04:25:52.627Z - info: Using extension tags@2.5.0
2021-09-15T04:25:52.631Z - info: Using extension templates@2.4.0
2021-09-15T04:25:52.634Z - info: Using extension authorization@2.4.0
2021-09-15T04:25:52.640Z - info: Using extension base@2.0.2
2021-09-15T04:25:52.642Z - info: Using extension browser-client@2.2.2
2021-09-15T04:25:52.646Z - info: Using extension child-templates@1.4.0
2021-09-15T04:25:52.652Z - info: Using extension chrome-pdf@1.10.0
2021-09-15T04:25:52.761Z - info: Using extension data@2.4.0
2021-09-15T04:25:52.763Z - info: Using extension docx@2.9.0
2021-09-15T04:25:52.767Z - info: Using extension fs-store@2.9.1
2021-09-15T04:25:52.942Z - info: Using extension licensing@2.2.3
2021-09-15T04:25:52.944Z - info: Using extension pdf-utils@1.10.1
2021-09-15T04:25:53.039Z - info: Using extension pptx@0.7.0
2021-09-15T04:25:53.044Z - info: Using extension reports@2.5.1
2021-09-15T04:25:53.048Z - info: Using extension static-pdf@0.4.0
2021-09-15T04:25:53.053Z - info: Using extension studio@2.10.1
2021-09-15T04:25:53.119Z - info: Using extension text@2.0.0
2021-09-15T04:25:53.121Z - info: Using extension version-control@1.6.0
2021-09-15T04:25:53.269Z - info: Using extension assets@1.7.0
2021-09-15T04:25:53.281Z - info: Using extension html-to-xlsx@2.8.3
2021-09-15T04:25:53.710Z - info: html-to-xlsx detected chrome as available html engine
2021-09-15T04:25:53.710Z - info: Using extension scheduling@2.5.0
2021-09-15T04:25:53.763Z - info: Using extension scripts@2.6.0
2021-09-15T04:25:53.765Z - info: Using extension studio-theme-dark@0.3.0
2021-09-15T04:25:53.767Z - info: Using extension xlsx@2.5.0
2021-09-15T04:25:53.962Z - info: Using extension public-templates@2.2.0
2021-09-15T04:25:53.964Z - info: Using extension resources@2.1.0
2021-09-15T04:25:53.965Z - info: Using extension sample-template@2.6.1
2021-09-15T04:25:53.967Z - info: Using general timeout for rendering (reportTimeout: 60000)
2021-09-15T04:25:53.967Z - info: Using fs provider for template store.
2021-09-15T04:25:53.972Z - info: fs store is persisting using fs
2021-09-15T04:25:53.974Z - info: fs store is synchronizing using fs
2021-09-15T04:25:53.982Z - info: fs store is loading data
2021-09-15T04:25:54.063Z - info: fs store is initialized successfully
2021-09-15T04:25:54.077Z - info: Creating default express app.
2021-09-15T04:25:54.109Z - info: jsreport server successfully started on http port: 5488
2021-09-15T04:25:54.110Z - info: fs store emits sockets to synchronize underlying changes with studio
2021-09-15T04:25:54.132Z - info: Verifying license key free
2021-09-15T04:25:54.133Z - info: Using free license
2021-09-15T04:25:54.142Z - info: reporter initialized
2021-09-15T06:45:36.813Z - info: Starting rendering request 1 (user: null)
2021-09-15T06:45:36.816Z - info: Rendering template { name: bansambhandhibibaran, recipe: docx, engine: handlebars, preview: false }
2021-09-15T06:45:37.075Z - info: docx generation is starting
2021-09-15T06:45:39.356Z - info: Starting rendering request 2 (user: null)
2021-09-15T06:45:39.357Z - info: Rendering anonymous template { recipe: html, engine: handlebars }
2021-09-15T06:45:39.505Z - info: Rendering request 2 finished in 148 ms
2021-09-15T06:45:39.752Z - info: docx generation was finished
2021-09-15T06:45:39.754Z - info: Rendering request 1 finished in 2942 ms
2021-09-15T07:16:38.155Z - info: Starting rendering request 3 (user: null)
2021-09-15T07:16:38.161Z - info: Rendering template { name: bansambhandhibibaran, recipe: docx, engine: handlebars, preview: false }
2021-09-15T07:16:38.201Z - info: docx generation is starting
2021-09-15T07:16:40.442Z - info: Starting rendering request 4 (user: null)
2021-09-15T07:16:40.445Z - info: Rendering anonymous template { recipe: html, engine: handlebars }
2021-09-15T07:16:40.547Z - info: Rendering request 4 finished in 105 ms
2021-09-15T07:16:40.799Z - info: docx generation was finished
2021-09-15T07:16:40.801Z - info: Rendering request 3 finished in 2646 ms
2021-09-15T07:38:12.378Z - info: Starting rendering request 5 (user: null)
2021-09-15T07:38:12.379Z - info: Rendering template { name: bansambhandhibibaran, recipe: docx, engine: handlebars, preview: true }
2021-09-15T07:38:12.411Z - info: docx generation is starting
2021-09-15T07:38:14.428Z - info: Starting rendering request 6 (user: null)
2021-09-15T07:38:14.428Z - info: Rendering anonymous template { recipe: html, engine: handlebars }
2021-09-15T07:38:14.517Z - info: Rendering request 6 finished in 88 ms
2021-09-15T07:38:14.711Z - info: docx generation was finished
2021-09-15T07:38:16.831Z - info: Rendering request 5 finished in 4453 ms
2021-09-15T07:40:23.053Z - info: Initializing jsreport@2.11.0 in development mode using configuration file: jsreport.config.json
2021-09-15T07:40:23.053Z - info: Searching for available extensions in /Users/mac/Desktop/Government/Forest_MIS/reportserver/jsreportapp/
2021-09-15T07:40:23.066Z - info: Extensions location cache contains up to date information, skipping crawling in /Users/mac/Desktop/Government/Forest_MIS/reportserver/jsreportapp/
2021-09-15T07:40:23.072Z - info: Found 35 extensions
2021-09-15T07:40:23.392Z - info: Setting http-server strategy for rendering
2021-09-15T07:40:23.517Z - info: Using extension cli@2.2.5
2021-09-15T07:40:23.527Z - info: Using extension debug@2.1.3
2021-09-15T07:40:23.534Z - info: Using extension express@2.8.1
2021-09-15T07:40:23.825Z - info: Using extension freeze@2.0.0
2021-09-15T07:40:23.828Z - info: Using extension handlebars@2.1.0
2021-09-15T07:40:23.830Z - info: Using extension import-export@2.1.1
2021-09-15T07:40:23.885Z - info: Using extension jsrender@2.1.1
2021-09-15T07:40:23.887Z - info: Using extension tags@2.5.0
2021-09-15T07:40:23.890Z - info: Using extension templates@2.4.0
2021-09-15T07:40:23.892Z - info: Using extension authorization@2.4.0
2021-09-15T07:40:23.897Z - info: Using extension base@2.0.2
2021-09-15T07:40:23.900Z - info: Using extension browser-client@2.2.2
2021-09-15T07:40:23.904Z - info: Using extension child-templates@1.4.0
2021-09-15T07:40:23.911Z - info: Using extension chrome-pdf@1.10.0
2021-09-15T07:40:25.468Z - info: Using extension data@2.4.0
2021-09-15T07:40:25.470Z - info: Using extension docx@2.9.0
2021-09-15T07:40:25.476Z - info: Using extension fs-store@2.9.1
2021-09-15T07:40:25.705Z - info: Using extension licensing@2.2.3
2021-09-15T07:40:25.709Z - info: Using extension pdf-utils@1.10.1
2021-09-15T07:40:25.826Z - info: Using extension pptx@0.7.0
2021-09-15T07:40:25.831Z - info: Using extension reports@2.5.1
2021-09-15T07:40:25.836Z - info: Using extension static-pdf@0.4.0
2021-09-15T07:40:25.841Z - info: Using extension studio@2.10.1
2021-09-15T07:40:25.912Z - info: Using extension text@2.0.0
2021-09-15T07:40:25.914Z - info: Using extension version-control@1.6.0
2021-09-15T07:40:26.111Z - info: Using extension assets@1.7.0
2021-09-15T07:40:26.126Z - info: Using extension html-to-xlsx@2.8.3
2021-09-15T07:40:26.668Z - info: html-to-xlsx detected chrome as available html engine
2021-09-15T07:40:26.668Z - info: Using extension scheduling@2.5.0
2021-09-15T07:40:26.730Z - info: Using extension scripts@2.6.0
2021-09-15T07:40:26.734Z - info: Using extension studio-theme-dark@0.3.0
2021-09-15T07:40:26.736Z - info: Using extension xlsx@2.5.0
2021-09-15T07:40:26.975Z - info: Using extension public-templates@2.2.0
2021-09-15T07:40:26.978Z - info: Using extension resources@2.1.0
2021-09-15T07:40:26.980Z - info: Using extension sample-template@2.6.1
2021-09-15T07:40:26.983Z - info: Using general timeout for rendering (reportTimeout: 60000)
2021-09-15T07:40:26.983Z - info: Using fs provider for template store.
2021-09-15T07:40:26.988Z - info: fs store is persisting using fs
2021-09-15T07:40:26.989Z - info: fs store is synchronizing using fs
2021-09-15T07:40:27.001Z - info: fs store is loading data
2021-09-15T07:40:27.088Z - info: fs store is initialized successfully
2021-09-15T07:40:27.100Z - info: Creating default express app.
2021-09-15T07:40:27.133Z - info: jsreport server successfully started on http port: 5488
2021-09-15T07:40:27.134Z - info: fs store emits sockets to synchronize underlying changes with studio
2021-09-15T07:40:27.155Z - info: Verifying license key free
2021-09-15T07:40:27.155Z - info: Using free license
2021-09-15T07:40:27.161Z - info: reporter initialized
2021-09-15T07:40:32.662Z - info: Starting rendering request 1 (user: null)
2021-09-15T07:40:32.665Z - info: Rendering template { name: bansambhandhibibaran, recipe: docx, engine: handlebars, preview: false }
2021-09-15T07:40:32.849Z - info: docx generation is starting
2021-09-15T07:40:34.945Z - info: Starting rendering request 2 (user: null)
2021-09-15T07:40:34.945Z - info: Rendering anonymous template { recipe: html, engine: handlebars }
2021-09-15T07:40:35.129Z - info: Rendering request 2 finished in 185 ms
2021-09-15T07:40:35.423Z - info: docx generation was finished
2021-09-15T07:40:35.427Z - info: Rendering request 1 finished in 2764 ms
2021-09-15T07:55:54.231Z - info: Starting rendering request 3 (user: null)
2021-09-15T07:55:54.233Z - info: Rendering template { name: bansambhandhibibaran, recipe: docx, engine: handlebars, preview: false }
2021-09-15T07:55:54.272Z - info: docx generation is starting
2021-09-15T07:55:56.761Z - info: Starting rendering request 4 (user: null)
2021-09-15T07:55:56.761Z - info: Rendering anonymous template { recipe: html, engine: handlebars }
2021-09-15T07:55:56.944Z - info: Rendering request 4 finished in 183 ms
2021-09-15T07:55:57.195Z - info: docx generation was finished
2021-09-15T07:55:57.201Z - info: Rendering request 3 finished in 2971 ms
2021-09-15T08:01:33.501Z - info: Starting rendering request 5 (user: null)
2021-09-15T08:01:33.503Z - info: Rendering template { name: bansambhandhibibaran, recipe: docx, engine: handlebars, preview: false }
2021-09-15T08:01:33.544Z - info: docx generation is starting
2021-09-15T08:01:34.603Z - info: Starting rendering request 6 (user: null)
2021-09-15T08:01:34.604Z - info: Rendering anonymous template { recipe: html, engine: handlebars }
2021-09-15T08:01:34.747Z - info: Rendering request 6 finished in 144 ms
2021-09-15T08:01:34.985Z - info: docx generation was finished
2021-09-15T08:01:34.989Z - info: Rendering request 5 finished in 1487 ms
2021-09-15T08:30:19.967Z - info: Starting rendering request 7 (user: null)
2021-09-15T08:30:19.969Z - info: Rendering template { name: bansambhandhibibaran, recipe: docx, engine: handlebars, preview: false }
2021-09-15T08:30:19.991Z - info: docx generation is starting
2021-09-15T08:30:20.797Z - info: Starting rendering request 8 (user: null)
2021-09-15T08:30:20.797Z - info: Rendering anonymous template { recipe: html, engine: handlebars }
2021-09-15T08:30:20.870Z - info: Rendering request 8 finished in 73 ms
2021-09-15T08:30:21.079Z - info: docx generation was finished
2021-09-15T08:30:21.082Z - info: Rendering request 7 finished in 1115 ms
2021-09-15T08:30:21.850Z - info: Starting rendering request 9 (user: null)
2021-09-15T08:30:21.851Z - info: Rendering template { name: bansambhandhibibaran, recipe: docx, engine: handlebars, preview: false }
2021-09-15T08:30:21.869Z - info: docx generation is starting
2021-09-15T08:30:22.587Z - info: Starting rendering request 10 (user: null)
2021-09-15T08:30:22.588Z - info: Rendering anonymous template { recipe: html, engine: handlebars }
2021-09-15T08:30:22.643Z - info: Rendering request 10 finished in 56 ms
2021-09-15T08:30:22.811Z - info: docx generation was finished
2021-09-15T08:30:22.813Z - info: Rendering request 9 finished in 963 ms
2021-09-15T08:34:27.866Z - error: Error when processing OData POST: /odata/assets Error: Entity name can not be empty
    at module.exports (/Users/mac/Desktop/Government/Forest_MIS/reportserver/jsreportapp/node_modules/jsreport-core/lib/util/createError.js:11:13)
    at module.exports (/Users/mac/Desktop/Government/Forest_MIS/reportserver/jsreportapp/node_modules/jsreport-core/lib/util/validateEntityName.js:26:11)
    at Object.insert (/Users/mac/Desktop/Government/Forest_MIS/reportserver/jsreportapp/node_modules/jsreport-core/lib/store/collection.js:86:7)
    at ODataServer.<anonymous> (/Users/mac/Desktop/Government/Forest_MIS/reportserver/jsreportapp/node_modules/jsreport-express/lib/odata.js:34:69)
    at /Users/mac/Desktop/Government/Forest_MIS/reportserver/jsreportapp/node_modules/simple-odata-server/lib/odataServer.js:201:14
    at ODataServer.<anonymous> (/Users/mac/Desktop/Government/Forest_MIS/reportserver/jsreportapp/node_modules/jsreport-express/lib/odata.js:29:7)
    at ODataServer.executeInsert (/Users/mac/Desktop/Government/Forest_MIS/reportserver/jsreportapp/node_modules/simple-odata-server/lib/odataServer.js:196:12)
    at processBody (/Users/mac/Desktop/Government/Forest_MIS/reportserver/jsreportapp/node_modules/simple-odata-server/lib/insert.js:29:9)
    at module.exports (/Users/mac/Desktop/Government/Forest_MIS/reportserver/jsreportapp/node_modules/simple-odata-server/lib/insert.js:59:12)
    at Object.fn (/Users/mac/Desktop/Government/Forest_MIS/reportserver/jsreportapp/node_modules/simple-odata-server/lib/odataServer.js:90:5)
    at Router.router.dispatch (/Users/mac/Desktop/Government/Forest_MIS/reportserver/jsreportapp/node_modules/simple-odata-server/lib/router.js:63:12)
    at ODataServer.handle (/Users/mac/Desktop/Government/Forest_MIS/reportserver/jsreportapp/node_modules/simple-odata-server/lib/odataServer.js:64:15)
    at /Users/mac/Desktop/Government/Forest_MIS/reportserver/jsreportapp/node_modules/jsreport-express/lib/routes.js:24:47
    at Layer.handle [as handle_request] (/Users/mac/Desktop/Government/Forest_MIS/reportserver/jsreportapp/node_modules/express/lib/router/layer.js:95:5)
    at trim_prefix (/Users/mac/Desktop/Government/Forest_MIS/reportserver/jsreportapp/node_modules/express/lib/router/index.js:317:13)
    at /Users/mac/Desktop/Government/Forest_MIS/reportserver/jsreportapp/node_modules/express/lib/router/index.js:284:7
    at Function.process_params (/Users/mac/Desktop/Government/Forest_MIS/reportserver/jsreportapp/node_modules/express/lib/router/index.js:335:12)
    at next (/Users/mac/Desktop/Government/Forest_MIS/reportserver/jsreportapp/node_modules/express/lib/router/index.js:275:10)
    at /Users/mac/Desktop/Government/Forest_MIS/reportserver/jsreportapp/node_modules/jsreport-express/lib/routes.js:17:5
    at Layer.handle [as handle_request] (/Users/mac/Desktop/Government/Forest_MIS/reportserver/jsreportapp/node_modules/express/lib/router/layer.js:95:5)
    at trim_prefix (/Users/mac/Desktop/Government/Forest_MIS/reportserver/jsreportapp/node_modules/express/lib/router/index.js:317:13)
    at /Users/mac/Desktop/Government/Forest_MIS/reportserver/jsreportapp/node_modules/express/lib/router/index.js:284:7
    at Function.process_params (/Users/mac/Desktop/Government/Forest_MIS/reportserver/jsreportapp/node_modules/express/lib/router/index.js:335:12)
    at next (/Users/mac/Desktop/Government/Forest_MIS/reportserver/jsreportapp/node_modules/express/lib/router/index.js:275:10)
    at /Users/mac/Desktop/Government/Forest_MIS/reportserver/jsreportapp/node_modules/jsreport-express/lib/reporter.express.js:188:5
    at Layer.handle [as handle_request] (/Users/mac/Desktop/Government/Forest_MIS/reportserver/jsreportapp/node_modules/express/lib/router/layer.js:95:5)
    at trim_prefix (/Users/mac/Desktop/Government/Forest_MIS/reportserver/jsreportapp/node_modules/express/lib/router/index.js:317:13)
    at /Users/mac/Desktop/Government/Forest_MIS/reportserver/jsreportapp/node_modules/express/lib/router/index.js:284:7
    at Function.process_params (/Users/mac/Desktop/Government/Forest_MIS/reportserver/jsreportapp/node_modules/express/lib/router/index.js:335:12)
    at next (/Users/mac/Desktop/Government/Forest_MIS/reportserver/jsreportapp/node_modules/express/lib/router/index.js:275:10)
    at cors (/Users/mac/Desktop/Government/Forest_MIS/reportserver/jsreportapp/node_modules/cors/lib/index.js:188:7)
    at /Users/mac/Desktop/Government/Forest_MIS/reportserver/jsreportapp/node_modules/cors/lib/index.js:224:17
    at originCallback (/Users/mac/Desktop/Government/Forest_MIS/reportserver/jsreportapp/node_modules/cors/lib/index.js:214:15)
    at /Users/mac/Desktop/Government/Forest_MIS/reportserver/jsreportapp/node_modules/cors/lib/index.js:219:13
    at optionsCallback (/Users/mac/Desktop/Government/Forest_MIS/reportserver/jsreportapp/node_modules/cors/lib/index.js:199:9)
    at corsMiddleware (/Users/mac/Desktop/Government/Forest_MIS/reportserver/jsreportapp/node_modules/cors/lib/index.js:204:7)
    at Layer.handle [as handle_request] (/Users/mac/Desktop/Government/Forest_MIS/reportserver/jsreportapp/node_modules/express/lib/router/layer.js:95:5)
    at trim_prefix (/Users/mac/Desktop/Government/Forest_MIS/reportserver/jsreportapp/node_modules/express/lib/router/index.js:317:13)
    at /Users/mac/Desktop/Government/Forest_MIS/reportserver/jsreportapp/node_modules/express/lib/router/index.js:284:7
    at Function.process_params (/Users/mac/Desktop/Government/Forest_MIS/reportserver/jsreportapp/node_modules/express/lib/router/index.js:335:12)
2021-09-15T08:35:13.600Z - info: Starting rendering request 11 (user: null)
2021-09-15T08:35:13.602Z - info: Rendering template { name: bansambhandhibibaran, recipe: docx, engine: handlebars, preview: false }
2021-09-15T08:35:13.634Z - info: docx generation is starting
2021-09-15T08:35:15.813Z - info: Starting rendering request 12 (user: null)
2021-09-15T08:35:15.813Z - info: Rendering anonymous template { recipe: html, engine: handlebars }
2021-09-15T08:35:16.013Z - info: Rendering request 12 finished in 200 ms
2021-09-15T08:35:16.327Z - info: docx generation was finished
2021-09-15T08:35:16.330Z - info: Rendering request 11 finished in 2730 ms
2021-09-15T08:40:14.292Z - info: Initializing jsreport@2.11.0 in development mode using configuration file: jsreport.config.json
2021-09-15T08:40:14.293Z - info: Searching for available extensions in /Users/mac/Desktop/Government/Forest_MIS/reportserver/jsreportapp/
2021-09-15T08:40:14.300Z - info: Extensions location cache contains up to date information, skipping crawling in /Users/mac/Desktop/Government/Forest_MIS/reportserver/jsreportapp/
2021-09-15T08:40:14.312Z - info: Found 35 extensions
2021-09-15T08:40:14.717Z - info: Setting http-server strategy for rendering
2021-09-15T08:40:14.863Z - info: Using extension cli@2.2.5
2021-09-15T08:40:14.872Z - info: Using extension debug@2.1.3
2021-09-15T08:40:14.877Z - info: Using extension express@2.8.1
2021-09-15T08:40:15.069Z - info: Using extension freeze@2.0.0
2021-09-15T08:40:15.071Z - info: Using extension handlebars@2.1.0
2021-09-15T08:40:15.073Z - info: Using extension import-export@2.1.1
2021-09-15T08:40:15.124Z - info: Using extension jsrender@2.1.1
2021-09-15T08:40:15.125Z - info: Using extension tags@2.5.0
2021-09-15T08:40:15.129Z - info: Using extension templates@2.4.0
2021-09-15T08:40:15.132Z - info: Using extension authorization@2.4.0
2021-09-15T08:40:15.136Z - info: Using extension base@2.0.2
2021-09-15T08:40:15.138Z - info: Using extension browser-client@2.2.2
2021-09-15T08:40:15.141Z - info: Using extension child-templates@1.4.0
2021-09-15T08:40:15.146Z - info: Using extension chrome-pdf@1.10.0
2021-09-15T08:40:16.595Z - info: Using extension data@2.4.0
2021-09-15T08:40:16.597Z - info: Using extension docx@2.9.0
2021-09-15T08:40:16.602Z - info: Using extension fs-store@2.9.1
2021-09-15T08:40:16.827Z - info: Using extension licensing@2.2.3
2021-09-15T08:40:16.831Z - info: Using extension pdf-utils@1.10.1
2021-09-15T08:40:16.935Z - info: Using extension pptx@0.7.0
2021-09-15T08:40:16.939Z - info: Using extension reports@2.5.1
2021-09-15T08:40:16.944Z - info: Using extension static-pdf@0.4.0
2021-09-15T08:40:16.948Z - info: Using extension studio@2.10.1
2021-09-15T08:40:17.021Z - info: Using extension text@2.0.0
2021-09-15T08:40:17.023Z - info: Using extension version-control@1.6.0
2021-09-15T08:40:17.167Z - info: Using extension assets@1.7.0
2021-09-15T08:40:17.178Z - info: Using extension html-to-xlsx@2.8.3
2021-09-15T08:40:17.599Z - info: html-to-xlsx detected chrome as available html engine
2021-09-15T08:40:17.599Z - info: Using extension scheduling@2.5.0
2021-09-15T08:40:17.652Z - info: Using extension scripts@2.6.0
2021-09-15T08:40:17.655Z - info: Using extension studio-theme-dark@0.3.0
2021-09-15T08:40:17.656Z - info: Using extension xlsx@2.5.0
2021-09-15T08:40:17.876Z - info: Using extension public-templates@2.2.0
2021-09-15T08:40:17.879Z - info: Using extension resources@2.1.0
2021-09-15T08:40:17.881Z - info: Using extension sample-template@2.6.1
2021-09-15T08:40:17.884Z - info: Using general timeout for rendering (reportTimeout: 60000)
2021-09-15T08:40:17.884Z - info: Using fs provider for template store.
2021-09-15T08:40:17.888Z - info: fs store is persisting using fs
2021-09-15T08:40:17.890Z - info: fs store is synchronizing using fs
2021-09-15T08:40:17.896Z - info: fs store is loading data
2021-09-15T08:40:17.969Z - info: fs store is initialized successfully
2021-09-15T08:40:17.979Z - info: Creating default express app.
2021-09-15T08:40:18.008Z - info: jsreport server successfully started on http port: 5488
2021-09-15T08:40:18.008Z - info: fs store emits sockets to synchronize underlying changes with studio
2021-09-15T08:40:18.030Z - info: Verifying license key free
2021-09-15T08:40:18.031Z - info: Using free license
2021-09-15T08:40:18.034Z - info: reporter initialized
2021-09-15T08:42:25.889Z - info: Starting rendering request 1 (user: null)
2021-09-15T08:42:25.891Z - info: Rendering template { name: bansambhandhibibaran, recipe: docx, engine: handlebars, preview: false }
2021-09-15T08:42:26.061Z - info: docx generation is starting
2021-09-15T08:42:27.896Z - info: Starting rendering request 2 (user: null)
2021-09-15T08:42:27.897Z - info: Rendering anonymous template { recipe: html, engine: handlebars }
2021-09-15T08:42:28.036Z - info: Rendering request 2 finished in 141 ms
2021-09-15T08:42:28.293Z - info: docx generation was finished
2021-09-15T08:42:28.297Z - info: Rendering request 1 finished in 2409 ms
2021-09-15T08:45:44.942Z - info: Starting rendering request 3 (user: null)
2021-09-15T08:45:44.944Z - info: Rendering template { name: bansambhandhibibaran, recipe: docx, engine: handlebars, preview: false }
2021-09-15T08:45:44.963Z - info: docx generation is starting
2021-09-15T08:45:46.863Z - info: Starting rendering request 4 (user: null)
2021-09-15T08:45:46.864Z - info: Rendering anonymous template { recipe: html, engine: handlebars }
2021-09-15T08:45:46.958Z - info: Rendering request 4 finished in 95 ms
2021-09-15T08:45:47.218Z - info: docx generation was finished
2021-09-15T08:45:47.221Z - info: Rendering request 3 finished in 2280 ms
2021-09-15T08:47:27.216Z - info: Starting rendering request 5 (user: null)
2021-09-15T08:47:27.218Z - info: Rendering template { name: bansambhandhibibaran, recipe: docx, engine: handlebars, preview: false }
2021-09-15T08:47:27.242Z - info: docx generation is starting
2021-09-15T08:47:28.898Z - info: Starting rendering request 6 (user: null)
2021-09-15T08:47:28.899Z - info: Rendering anonymous template { recipe: html, engine: handlebars }
2021-09-15T08:47:28.989Z - info: Rendering request 6 finished in 91 ms
2021-09-15T08:47:29.214Z - info: docx generation was finished
2021-09-15T08:47:29.218Z - info: Rendering request 5 finished in 2002 ms
2021-09-15T08:52:27.084Z - info: Starting rendering request 7 (user: null)
2021-09-15T08:52:27.085Z - info: Rendering template { name: bansambhandhibibaran, recipe: docx, engine: handlebars, preview: false }
2021-09-15T08:52:27.101Z - info: docx generation is starting
2021-09-15T08:52:28.820Z - info: Starting rendering request 8 (user: null)
2021-09-15T08:52:28.821Z - info: Rendering anonymous template { recipe: html, engine: handlebars }
2021-09-15T08:52:28.918Z - info: Rendering request 8 finished in 98 ms
2021-09-15T08:52:29.147Z - info: docx generation was finished
2021-09-15T08:52:29.151Z - info: Rendering request 7 finished in 2067 ms
2021-09-15T08:55:56.923Z - info: Initializing jsreport@2.11.0 in development mode using configuration file: jsreport.config.json
2021-09-15T08:55:56.924Z - info: Searching for available extensions in /Users/mac/Desktop/Government/Forest_MIS/reportserver/jsreportapp/
2021-09-15T08:55:56.938Z - info: Extensions location cache contains up to date information, skipping crawling in /Users/mac/Desktop/Government/Forest_MIS/reportserver/jsreportapp/
2021-09-15T08:55:56.949Z - info: Found 35 extensions
2021-09-15T08:55:57.389Z - info: Setting http-server strategy for rendering
2021-09-15T08:55:57.541Z - info: Using extension cli@2.2.5
2021-09-15T08:55:57.551Z - info: Using extension debug@2.1.3
2021-09-15T08:55:57.557Z - info: Using extension express@2.8.1
2021-09-15T08:55:57.791Z - info: Using extension freeze@2.0.0
2021-09-15T08:55:57.793Z - info: Using extension handlebars@2.1.0
2021-09-15T08:55:57.798Z - info: Using extension import-export@2.1.1
2021-09-15T08:55:57.862Z - info: Using extension jsrender@2.1.1
2021-09-15T08:55:57.864Z - info: Using extension tags@2.5.0
2021-09-15T08:55:57.867Z - info: Using extension templates@2.4.0
2021-09-15T08:55:57.870Z - info: Using extension authorization@2.4.0
2021-09-15T08:55:57.875Z - info: Using extension base@2.0.2
2021-09-15T08:55:57.879Z - info: Using extension browser-client@2.2.2
2021-09-15T08:55:57.884Z - info: Using extension child-templates@1.4.0
2021-09-15T08:55:57.892Z - info: Using extension chrome-pdf@1.10.0
2021-09-15T08:55:58.015Z - info: Using extension data@2.4.0
2021-09-15T08:55:58.016Z - info: Using extension docx@2.9.0
2021-09-15T08:55:58.021Z - info: Using extension fs-store@2.9.1
2021-09-15T08:55:58.264Z - info: Using extension licensing@2.2.3
2021-09-15T08:55:58.272Z - info: Using extension pdf-utils@1.10.1
2021-09-15T08:55:58.401Z - info: Using extension pptx@0.7.0
2021-09-15T08:55:58.408Z - info: Using extension reports@2.5.1
2021-09-15T08:55:58.415Z - info: Using extension static-pdf@0.4.0
2021-09-15T08:55:58.422Z - info: Using extension studio@2.10.1
2021-09-15T08:55:58.525Z - info: Using extension text@2.0.0
2021-09-15T08:55:58.528Z - info: Using extension version-control@1.6.0
2021-09-15T08:56:00.107Z - info: Using extension assets@1.7.0
2021-09-15T08:56:00.125Z - info: Using extension html-to-xlsx@2.8.3
2021-09-15T08:56:00.697Z - info: html-to-xlsx detected chrome as available html engine
2021-09-15T08:56:00.697Z - info: Using extension scheduling@2.5.0
2021-09-15T08:56:00.756Z - info: Using extension scripts@2.6.0
2021-09-15T08:56:00.761Z - info: Using extension studio-theme-dark@0.3.0
2021-09-15T08:56:00.763Z - info: Using extension xlsx@2.5.0
2021-09-15T08:56:01.039Z - info: Using extension public-templates@2.2.0
2021-09-15T08:56:01.042Z - info: Using extension resources@2.1.0
2021-09-15T08:56:01.044Z - info: Using extension sample-template@2.6.1
2021-09-15T08:56:01.048Z - info: Using general timeout for rendering (reportTimeout: 60000)
2021-09-15T08:56:01.048Z - info: Using fs provider for template store.
2021-09-15T08:56:01.056Z - info: fs store is persisting using fs
2021-09-15T08:56:01.058Z - info: fs store is synchronizing using fs
2021-09-15T08:56:01.071Z - info: fs store is loading data
2021-09-15T08:56:01.184Z - info: fs store is initialized successfully
2021-09-15T08:56:01.201Z - info: Creating default express app.
2021-09-15T08:56:01.238Z - info: jsreport server successfully started on http port: 5488
2021-09-15T08:56:01.241Z - info: fs store emits sockets to synchronize underlying changes with studio
2021-09-15T08:56:01.268Z - info: Verifying license key free
2021-09-15T08:56:01.270Z - info: Using free license
2021-09-15T08:56:01.279Z - info: reporter initialized
2021-09-15T08:56:10.497Z - info: Starting rendering request 1 (user: null)
2021-09-15T08:56:10.500Z - info: Rendering template { name: bansambhandhibibaran, recipe: docx, engine: handlebars, preview: false }
2021-09-15T08:56:10.685Z - info: docx generation is starting
2021-09-15T08:56:12.621Z - info: Starting rendering request 2 (user: null)
2021-09-15T08:56:12.622Z - info: Rendering anonymous template { recipe: html, engine: handlebars }
2021-09-15T08:56:12.769Z - info: Rendering request 2 finished in 148 ms
2021-09-15T08:56:13.016Z - info: docx generation was finished
2021-09-15T08:56:13.020Z - info: Rendering request 1 finished in 2524 ms
2021-09-15T08:56:35.820Z - info: Starting rendering request 3 (user: null)
2021-09-15T08:56:35.822Z - info: Rendering template { name: bansambhandhibibaran, recipe: docx, engine: handlebars, preview: false }
2021-09-15T08:56:35.841Z - info: docx generation is starting
2021-09-15T08:56:37.366Z - info: Starting rendering request 4 (user: null)
2021-09-15T08:56:37.366Z - info: Rendering anonymous template { recipe: html, engine: handlebars }
2021-09-15T08:56:37.453Z - info: Rendering request 4 finished in 88 ms
2021-09-15T08:56:37.680Z - info: docx generation was finished
2021-09-15T08:56:37.684Z - info: Rendering request 3 finished in 1864 ms
2021-09-15T08:57:34.953Z - info: Starting rendering request 5 (user: null)
2021-09-15T08:57:34.954Z - info: Rendering template { name: bansambhandhibibaran, recipe: docx, engine: handlebars, preview: false }
2021-09-15T08:57:34.977Z - info: docx generation is starting
2021-09-15T08:57:36.766Z - info: Starting rendering request 6 (user: null)
2021-09-15T08:57:36.766Z - info: Rendering anonymous template { recipe: html, engine: handlebars }
2021-09-15T08:57:36.860Z - info: Rendering request 6 finished in 94 ms
2021-09-15T08:57:37.133Z - info: docx generation was finished
2021-09-15T08:57:37.135Z - info: Rendering request 5 finished in 2183 ms
2021-09-15T08:58:33.628Z - info: Starting rendering request 7 (user: null)
2021-09-15T08:58:33.631Z - info: Rendering template { name: bansambhandhibibaran, recipe: docx, engine: handlebars, preview: false }
2021-09-15T08:58:33.652Z - info: docx generation is starting
2021-09-15T08:58:35.506Z - info: Starting rendering request 8 (user: null)
2021-09-15T08:58:35.507Z - info: Rendering anonymous template { recipe: html, engine: handlebars }
2021-09-15T08:58:35.607Z - info: Rendering request 8 finished in 101 ms
2021-09-15T08:58:35.873Z - info: docx generation was finished
2021-09-15T08:58:35.877Z - info: Rendering request 7 finished in 2249 ms
2021-09-15T08:59:54.058Z - info: Starting rendering request 9 (user: null)
2021-09-15T08:59:54.060Z - info: Rendering template { name: bansambhandhibibaran, recipe: docx, engine: handlebars, preview: false }
2021-09-15T08:59:54.085Z - info: docx generation is starting
2021-09-15T08:59:55.984Z - info: Starting rendering request 10 (user: null)
2021-09-15T08:59:55.984Z - info: Rendering anonymous template { recipe: html, engine: handlebars }
2021-09-15T08:59:56.076Z - info: Rendering request 10 finished in 93 ms
2021-09-15T08:59:56.307Z - info: docx generation was finished
2021-09-15T08:59:56.311Z - info: Rendering request 9 finished in 2253 ms
2021-09-15T09:01:00.084Z - info: Starting rendering request 11 (user: null)
2021-09-15T09:01:00.086Z - info: Rendering template { name: bansambhandhibibaran, recipe: docx, engine: handlebars, preview: false }
2021-09-15T09:01:00.112Z - info: docx generation is starting
2021-09-15T09:01:01.884Z - info: Starting rendering request 12 (user: null)
2021-09-15T09:01:01.885Z - info: Rendering anonymous template { recipe: html, engine: handlebars }
2021-09-15T09:01:01.981Z - info: Rendering request 12 finished in 97 ms
2021-09-15T09:01:02.238Z - info: docx generation was finished
2021-09-15T09:01:02.240Z - info: Rendering request 11 finished in 2156 ms
2021-09-15T09:47:13.885Z - info: Starting rendering request 13 (user: null)
2021-09-15T09:47:13.886Z - info: Rendering template { name: bansambhandhibibaran, recipe: docx, engine: handlebars, preview: false }
2021-09-15T09:47:13.911Z - info: docx generation is starting
2021-09-15T09:47:15.788Z - info: Starting rendering request 14 (user: null)
2021-09-15T09:47:15.788Z - info: Rendering anonymous template { recipe: html, engine: handlebars }
2021-09-15T09:47:15.883Z - info: Rendering request 14 finished in 95 ms
2021-09-15T09:47:16.147Z - info: docx generation was finished
2021-09-15T09:47:16.150Z - info: Rendering request 13 finished in 2266 ms
